0 info it worked if it ends with ok
1 verbose cli [ 'E:\\nodejs\\node.exe',
1 verbose cli   'E:\\nodejs\\node_modules\\npm\\bin\\npm-cli.js',
1 verbose cli   'start' ]
2 info using npm@3.10.3
3 info using node@v4.4.4
4 verbose run-script [ 'prestart', 'start', 'poststart' ]
5 info lifecycle mytest@0.0.0~prestart: mytest@0.0.0
6 silly lifecycle mytest@0.0.0~prestart: no script for prestart, continuing
7 info lifecycle mytest@0.0.0~start: mytest@0.0.0
8 verbose lifecycle mytest@0.0.0~start: unsafe-perm in lifecycle true
9 verbose lifecycle mytest@0.0.0~start: PATH: E:\nodejs\node_modules\npm\bin\node-gyp-bin;C:\Users\wdl\Desktop\mongoose\mytest\node_modules\.bin;E:\nodejs;C:\Program Files\Java\jdk1.7.0_17\bin;C:\Program Files (x86)\Intel\iCLS Client\;C:\Program Files\Intel\iCLS Client\;C:\WINDOWS\system32;C:\WINDOWS;C:\WINDOWS\System32\Wbem;C:\WINDOWS\System32\WindowsPowerShell\v1.0\;C:\Program Files (x86)\Intel\Intel(R) Management Engine Components\DAL;C:\Program Files\Intel\Intel(R) Management Engine Components\DAL;C:\Program Files (x86)\Intel\Intel(R) Management Engine Components\IPT;C:\Program Files\Intel\Intel(R) Management Engine Components\IPT;C:\Program Files (x86)\ATI Technologies\ATI.ACE\Core-Static;C:\Program Files\Intel\WiFi\bin\;C:\Program Files\Common Files\Intel\WirelessCommon\;C:\Program Files (x86)\Common Files\lenovo\easyplussdk\bin;E:\nodejs\;C:\Program Files (x86)\Windows Kits\8.1\Windows Performance Toolkit\;C:\Program Files\Microsoft SQL Server\110\Tools\Binn\;C:\Program Files (x86)\Microsoft SQL Server\100\Tools\Binn\;C:\Program Files\Microsoft SQL Server\100\Tools\Binn\;C:\Program Files\Microsoft SQL Server\100\DTS\Binn\;C:\Program Files (x86)\Microsoft SQL Server\100\Tools\Binn\VSShell\Common7\IDE\;C:\Program Files (x86)\Microsoft Visual Studio 9.0\Common7\IDE\PrivateAssemblies\;C:\Program Files (x86)\Microsoft SQL Server\100\DTS\Binn\;C:\Program Files (x86)\Git\cmd;E:\sdk\sdk\platform-tools;D:\sdk\sdk\tools;E:\ant\bin;C:\Program Files\Java\jdk1.7.0_17\jre\bin;E:\blog\Git\cmd;E:\mongodb\bin;E:\node-inspector;C:\Ruby23-x64\bin;C:\Users\wdl\AppData\Roaming\npm;C:\Program Files\Java\jdk1.7.0_17\bin;C:\Program Files\Java\jdk1.7.0_17\jre\bin;E:\sdk\adt-bundle-windows-x86-20130917.467161976\adt-bundle-windows-x86-20130917\sdk\tools;E:\sdk\adt-bundle-windows-x86-20130917.467161976\adt-bundle-windows-x86-20130917\sdk\platform-tools;;C:\Users\wdl\AppData\Local\Microsoft\WindowsApps
10 verbose lifecycle mytest@0.0.0~start: CWD: C:\Users\wdl\Desktop\mongoose\mytest
11 silly lifecycle mytest@0.0.0~start: Args: [ '/d /s /c', 'node ./bin/www' ]
12 silly lifecycle mytest@0.0.0~start: Returned: code: 1  signal: null
13 info lifecycle mytest@0.0.0~start: Failed to exec start script
14 verbose stack Error: mytest@0.0.0 start: `node ./bin/www`
14 verbose stack Exit status 1
14 verbose stack     at EventEmitter.<anonymous> (E:\nodejs\node_modules\npm\lib\utils\lifecycle.js:242:16)
14 verbose stack     at emitTwo (events.js:87:13)
14 verbose stack     at EventEmitter.emit (events.js:172:7)
14 verbose stack     at ChildProcess.<anonymous> (E:\nodejs\node_modules\npm\lib\utils\spawn.js:40:14)
14 verbose stack     at emitTwo (events.js:87:13)
14 verbose stack     at ChildProcess.emit (events.js:172:7)
14 verbose stack     at maybeClose (internal/child_process.js:827:16)
14 verbose stack     at Process.ChildProcess._handle.onexit (internal/child_process.js:211:5)
15 verbose pkgid mytest@0.0.0
16 verbose cwd C:\Users\wdl\Desktop\mongoose\mytest
17 error Windows_NT 10.0.14393
18 error argv "E:\\nodejs\\node.exe" "E:\\nodejs\\node_modules\\npm\\bin\\npm-cli.js" "start"
19 error node v4.4.4
20 error npm  v3.10.3
21 error code ELIFECYCLE
22 error mytest@0.0.0 start: `node ./bin/www`
22 error Exit status 1
23 error Failed at the mytest@0.0.0 start script 'node ./bin/www'.
23 error Make sure you have the latest version of node.js and npm installed.
23 error If you do, this is most likely a problem with the mytest package,
23 error not with npm itself.
23 error Tell the author that this fails on your system:
23 error     node ./bin/www
23 error You can get information on how to open an issue for this project with:
23 error     npm bugs mytest
23 error Or if that isn't available, you can get their info via:
23 error     npm owner ls mytest
23 error There is likely additional logging output above.
24 verbose exit [ 1, true ]
